[debug] [2026-04-07T18:45:54.404Z] ----------------------------------------------------------------------
[debug] [2026-04-07T18:45:54.407Z] Command:       C:\Program Files\nodejs\node.exe C:\Users\ondre\AppData\Roaming\npm\node_modules\firebase-tools\lib\bin\firebase.js init
[debug] [2026-04-07T18:45:54.408Z] CLI Version:   15.13.0
[debug] [2026-04-07T18:45:54.408Z] Platform:      win32
[debug] [2026-04-07T18:45:54.408Z] Node Version:  v24.13.0
[debug] [2026-04-07T18:45:54.408Z] Time:          Tue Apr 07 2026 20:45:54 GMT+0200 (středoevropský letní čas)
[debug] [2026-04-07T18:45:54.408Z] ----------------------------------------------------------------------
[debug] 
[info] 
     ######## #### ########  ######## ########     ###     ######  ########
     ##        ##  ##     ## ##       ##     ##  ##   ##  ##       ##
     ######    ##  ########  ######   ########  #########  ######  ######
     ##        ##  ##    ##  ##       ##     ## ##     ##       ## ##
     ##       #### ##     ## ######## ########  ##     ##  ######  ########

You're about to initialize a Firebase project in this directory:

  C:\Users\ondre\Desktop\Radnax2026

[info] 
=== Project Setup
[info] 
[info] First, let's associate this project directory with a Firebase project.
[info] You can create multiple project aliases by running firebase use --add, 
[info] 
[debug] [2026-04-07T18:46:43.068Z] > command requires scopes: ["email","openid","https://www.googleapis.com/auth/cloudplatformprojects.readonly","https://www.googleapis.com/auth/firebase","https://www.googleapis.com/auth/cloud-platform"]
[debug] [2026-04-07T18:46:43.069Z] > authorizing via signed-in user (ondrejpetyniak@gmail.com)
[debug] [2026-04-07T18:46:43.070Z] Checked if tokens are valid: true, expires at: 1775591130334
[debug] [2026-04-07T18:46:43.070Z] Checked if tokens are valid: true, expires at: 1775591130334
[debug] [2026-04-07T18:46:43.072Z] >>> [apiv2][query] GET https://firebase.googleapis.com/v1beta1/projects pageSize=100
[debug] [2026-04-07T18:46:43.624Z] <<< [apiv2][status] GET https://firebase.googleapis.com/v1beta1/projects 200
[debug] [2026-04-07T18:46:43.624Z] <<< [apiv2][body] GET https://firebase.googleapis.com/v1beta1/projects [omitted]
[info] 
=== Hosting Setup
[debug] [2026-04-07T18:46:45.901Z] Checked if tokens are valid: true, expires at: 1775591130334
[debug] [2026-04-07T18:46:45.901Z] Checked if tokens are valid: true, expires at: 1775591130334
[debug] [2026-04-07T18:46:45.901Z] >>> [apiv2][query] GET https://firebase.googleapis.com/v1beta1/projects/radnax2026 [none]
[debug] [2026-04-07T18:46:46.138Z] <<< [apiv2][status] GET https://firebase.googleapis.com/v1beta1/projects/radnax2026 200
[debug] [2026-04-07T18:46:46.138Z] <<< [apiv2][body] GET https://firebase.googleapis.com/v1beta1/projects/radnax2026 {"projectId":"radnax2026","projectNumber":"250357799425","displayName":"Radnax2026","name":"projects/radnax2026","resources":{"hostingSite":"radnax2026"},"state":"ACTIVE","etag":"1_22ac357d-cbed-4c8f-b72d-8c8a8c747ad6"}
[info] 
[info] Your public directory is the folder (relative to your project directory) that
[info] will contain Hosting assets to be uploaded with firebase deploy. If you
[info] have a build process for your assets, use your build's output directory.
[info] 
[info] 
[info] i  Didn't detect a .git folder. Assuming C:\Users\ondre\Desktop\Radnax2026 is the project root. 
[info] i  Authorizing with GitHub to upload your service account to a GitHub repository's secrets store. 
[info] 
[info] Visit this URL on this device to log in:
[info] https://github.com/login/oauth/authorize?client_id=89cf50f02ac6aaed3484&state=217019857&redirect_uri=http%3A%2F%2Flocalhost%3A9005&scope=read%3Auser%20repo%20public_repo
[info] 
[info] Waiting for authentication...
[debug] [2026-04-07T18:47:33.512Z] >>> [apiv2][query] POST https://github.com/login/oauth/access_token [none]
[debug] [2026-04-07T18:47:33.513Z] >>> [apiv2][body] POST https://github.com/login/oauth/access_token [stream]
[debug] [2026-04-07T18:47:33.907Z] <<< [apiv2][status] POST https://github.com/login/oauth/access_token 200
[debug] [2026-04-07T18:47:33.907Z] <<< [apiv2][body] POST https://github.com/login/oauth/access_token {"access_token":"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","token_type":"bearer","scope":"read:user,repo"}
[debug] [2026-04-07T18:47:33.931Z] >>> [apiv2][query] GET https://api.github.com/user [none]
[debug] [2026-04-07T18:47:34.297Z] <<< [apiv2][status] GET https://api.github.com/user 200
[debug] [2026-04-07T18:47:34.297Z] <<< [apiv2][body] GET https://api.github.com/user {"login":"RedrumCZ","id":59876543,"node_id":"MDQ6VXNlcjU5ODc2NTQz","avatar_url":"https://avatars.githubusercontent.com/u/59876543?v=4","gravatar_id":"","url":"https://api.github.com/users/RedrumCZ","html_url":"https://github.com/RedrumCZ","followers_url":"https://api.github.com/users/RedrumCZ/followers","following_url":"https://api.github.com/users/RedrumCZ/following{/other_user}","gists_url":"https://api.github.com/users/RedrumCZ/gists{/gist_id}","starred_url":"https://api.github.com/users/RedrumCZ/starred{/owner}{/repo}","subscriptions_url":"https://api.github.com/users/RedrumCZ/subscriptions","organizations_url":"https://api.github.com/users/RedrumCZ/orgs","repos_url":"https://api.github.com/users/RedrumCZ/repos","events_url":"https://api.github.com/users/RedrumCZ/events{/privacy}","received_events_url":"https://api.github.com/users/RedrumCZ/received_events","type":"User","user_view_type":"private","site_admin":false,"name":"Ondrej Petyniak","company":null,"blog":"","location":null,"email":null,"hireable":null,"bio":null,"twitter_username":null,"notification_email":null,"public_repos":3,"public_gists":0,"followers":0,"following":2,"created_at":"2020-01-14T13:58:34Z","updated_at":"2026-02-22T16:06:50Z","private_gists":0,"total_private_repos":0,"owned_private_repos":0,"disk_usage":229,"collaborators":0,"two_factor_authentication":true,"plan":{"name":"free","space":976562499,"collaborators":0,"private_repos":10000}}
[info] 
[info] +  Success! Logged into GitHub as RedrumCZ 
[info] 
[debug] [2026-04-07T18:48:48.970Z] >>> [apiv2][query] GET https://api.github.com/repos//actions/secrets/public-key type=owner
[debug] [2026-04-07T18:48:49.236Z] <<< [apiv2][status] GET https://api.github.com/repos//actions/secrets/public-key 404
[debug] [2026-04-07T18:48:49.237Z] <<< [apiv2][body] GET https://api.github.com/repos//actions/secrets/public-key {"message":"Not Found","documentation_url":"https://docs.github.com/rest","status":"404"}
[info] 
[info] 
[error] !  The provided authorization cannot be used with this repository. If this repository is in an organization, did you remember to grant access? 
[info] 
[info] i  Action required: Visit this URL to ensure access has been granted to the appropriate organization(s) for the Firebase CLI GitHub OAuth App: 
[info] https://github.com/settings/connections/applications/89cf50f02ac6aaed3484
[info] 
[debug] [2026-04-07T18:49:24.967Z] ExitPromptError: User force closed the prompt with SIGINT
    at Interface.sigint (C:\Users\ondre\AppData\Roaming\npm\node_modules\firebase-tools\node_modules\@inquirer\core\dist\commonjs\lib\create-prompt.js:101:37)
    at Interface.emit (node:events:508:28)
    at [_ttyWrite] [as _ttyWrite] (node:internal/readline/interface:1327:18)
    at ReadStream.onkeypress (node:internal/readline/interface:284:20)
    at ReadStream.emit (node:events:520:35)
    at emitKeys (node:internal/readline/utils:371:14)
    at emitKeys.next (<anonymous>)
    at ReadStream.onData (node:internal/readline/emitKeypressEvents:64:36)
    at ReadStream.emit (node:events:508:28)
    at addChunk (node:internal/streams/readable:559:12)
[error] 
[error] Error: An unexpected error has occurred.
[debug] [2026-04-07T18:49:29.087Z] ----------------------------------------------------------------------
[debug] [2026-04-07T18:49:29.091Z] Command:       C:\Program Files\nodejs\node.exe C:\Users\ondre\AppData\Roaming\npm\node_modules\firebase-tools\lib\bin\firebase.js init
[debug] [2026-04-07T18:49:29.092Z] CLI Version:   15.13.0
[debug] [2026-04-07T18:49:29.092Z] Platform:      win32
[debug] [2026-04-07T18:49:29.092Z] Node Version:  v24.13.0
[debug] [2026-04-07T18:49:29.092Z] Time:          Tue Apr 07 2026 20:49:29 GMT+0200 (středoevropský letní čas)
[debug] [2026-04-07T18:49:29.093Z] ----------------------------------------------------------------------
[debug] 
[info] 
     ######## #### ########  ######## ########     ###     ######  ########
     ##        ##  ##     ## ##       ##     ##  ##   ##  ##       ##
     ######    ##  ########  ######   ########  #########  ######  ######
     ##        ##  ##    ##  ##       ##     ## ##     ##       ## ##
     ##       #### ##     ## ######## ########  ##     ##  ######  ########

You're about to initialize a Firebase project in this directory:

  C:\Users\ondre\Desktop\Radnax2026

[info] 
=== Project Setup
[info] 
[info] First, let's associate this project directory with a Firebase project.
[info] You can create multiple project aliases by running firebase use --add, 
[info] 
[debug] [2026-04-07T18:49:40.279Z] > command requires scopes: ["email","openid","https://www.googleapis.com/auth/cloudplatformprojects.readonly","https://www.googleapis.com/auth/firebase","https://www.googleapis.com/auth/cloud-platform"]
[debug] [2026-04-07T18:49:40.279Z] > authorizing via signed-in user (ondrejpetyniak@gmail.com)
[debug] [2026-04-07T18:49:40.281Z] Checked if tokens are valid: true, expires at: 1775591130334
[debug] [2026-04-07T18:49:40.281Z] Checked if tokens are valid: true, expires at: 1775591130334
[debug] [2026-04-07T18:49:40.282Z] >>> [apiv2][query] GET https://firebase.googleapis.com/v1beta1/projects/radnax2026 [none]
[debug] [2026-04-07T18:49:40.644Z] <<< [apiv2][status] GET https://firebase.googleapis.com/v1beta1/projects/radnax2026 200
[debug] [2026-04-07T18:49:40.644Z] <<< [apiv2][body] GET https://firebase.googleapis.com/v1beta1/projects/radnax2026 {"projectId":"radnax2026","projectNumber":"250357799425","displayName":"Radnax2026","name":"projects/radnax2026","resources":{"hostingSite":"radnax2026"},"state":"ACTIVE","etag":"1_22ac357d-cbed-4c8f-b72d-8c8a8c747ad6"}
[info] i  Using project radnax2026 (Radnax2026) . 
[info] 
=== Hosting Setup
[debug] [2026-04-07T18:49:40.669Z] Checked if tokens are valid: true, expires at: 1775591130334
[debug] [2026-04-07T18:49:40.670Z] Checked if tokens are valid: true, expires at: 1775591130334
[debug] [2026-04-07T18:49:40.670Z] >>> [apiv2][query] GET https://firebase.googleapis.com/v1beta1/projects/radnax2026 [none]
[debug] [2026-04-07T18:49:40.931Z] <<< [apiv2][status] GET https://firebase.googleapis.com/v1beta1/projects/radnax2026 200
[debug] [2026-04-07T18:49:40.931Z] <<< [apiv2][body] GET https://firebase.googleapis.com/v1beta1/projects/radnax2026 {"projectId":"radnax2026","projectNumber":"250357799425","displayName":"Radnax2026","name":"projects/radnax2026","resources":{"hostingSite":"radnax2026"},"state":"ACTIVE","etag":"1_22ac357d-cbed-4c8f-b72d-8c8a8c747ad6"}
[info] 
[info] Your public directory is the folder (relative to your project directory) that
[info] will contain Hosting assets to be uploaded with firebase deploy. If you
[info] have a build process for your assets, use your build's output directory.
[info] 
[info] 
[info] i  Didn't detect a .git folder. Assuming C:\Users\ondre\Desktop\Radnax2026 is the project root. 
[info] i  Authorizing with GitHub to upload your service account to a GitHub repository's secrets store. 
[info] 
[info] Visit this URL on this device to log in:
[info] https://github.com/login/oauth/authorize?client_id=89cf50f02ac6aaed3484&state=366536323&redirect_uri=http%3A%2F%2Flocalhost%3A9005&scope=read%3Auser%20repo%20public_repo
[info] 
[info] Waiting for authentication...
[debug] [2026-04-07T18:49:55.275Z] >>> [apiv2][query] POST https://github.com/login/oauth/access_token [none]
[debug] [2026-04-07T18:49:55.276Z] >>> [apiv2][body] POST https://github.com/login/oauth/access_token [stream]
[debug] [2026-04-07T18:49:55.635Z] <<< [apiv2][status] POST https://github.com/login/oauth/access_token 200
[debug] [2026-04-07T18:49:55.636Z] <<< [apiv2][body] POST https://github.com/login/oauth/access_token {"access_token":"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","token_type":"bearer","scope":"read:user,repo"}
[debug] [2026-04-07T18:49:55.640Z] >>> [apiv2][query] GET https://api.github.com/user [none]
[debug] [2026-04-07T18:49:56.020Z] <<< [apiv2][status] GET https://api.github.com/user 200
[debug] [2026-04-07T18:49:56.026Z] <<< [apiv2][body] GET https://api.github.com/user {"login":"RedrumCZ","id":59876543,"node_id":"MDQ6VXNlcjU5ODc2NTQz","avatar_url":"https://avatars.githubusercontent.com/u/59876543?v=4","gravatar_id":"","url":"https://api.github.com/users/RedrumCZ","html_url":"https://github.com/RedrumCZ","followers_url":"https://api.github.com/users/RedrumCZ/followers","following_url":"https://api.github.com/users/RedrumCZ/following{/other_user}","gists_url":"https://api.github.com/users/RedrumCZ/gists{/gist_id}","starred_url":"https://api.github.com/users/RedrumCZ/starred{/owner}{/repo}","subscriptions_url":"https://api.github.com/users/RedrumCZ/subscriptions","organizations_url":"https://api.github.com/users/RedrumCZ/orgs","repos_url":"https://api.github.com/users/RedrumCZ/repos","events_url":"https://api.github.com/users/RedrumCZ/events{/privacy}","received_events_url":"https://api.github.com/users/RedrumCZ/received_events","type":"User","user_view_type":"private","site_admin":false,"name":"Ondrej Petyniak","company":null,"blog":"","location":null,"email":null,"hireable":null,"bio":null,"twitter_username":null,"notification_email":null,"public_repos":3,"public_gists":0,"followers":0,"following":2,"created_at":"2020-01-14T13:58:34Z","updated_at":"2026-02-22T16:06:50Z","private_gists":0,"total_private_repos":0,"owned_private_repos":0,"disk_usage":229,"collaborators":0,"two_factor_authentication":true,"plan":{"name":"free","space":976562499,"collaborators":0,"private_repos":10000}}
[info] 
[info] +  Success! Logged into GitHub as RedrumCZ 
[info] 
[debug] [2026-04-07T18:50:30.902Z] >>> [apiv2][query] GET https://api.github.com/repos/RerdumCZ/Radnax2026/actions/secrets/public-key type=owner
[debug] [2026-04-07T18:50:31.226Z] <<< [apiv2][status] GET https://api.github.com/repos/RerdumCZ/Radnax2026/actions/secrets/public-key 404
[debug] [2026-04-07T18:50:31.226Z] <<< [apiv2][body] GET https://api.github.com/repos/RerdumCZ/Radnax2026/actions/secrets/public-key {"message":"Not Found","documentation_url":"https://docs.github.com/rest/actions/secrets#get-a-repository-public-key","status":"404"}
[info] 
[info] 
[error] !  The provided authorization cannot be used with this repository. If this repository is in an organization, did you remember to grant access? 
[info] 
[info] i  Action required: Visit this URL to ensure access has been granted to the appropriate organization(s) for the Firebase CLI GitHub OAuth App: 
[info] https://github.com/settings/connections/applications/89cf50f02ac6aaed3484
[info] 
[debug] [2026-04-07T18:51:31.514Z] ExitPromptError: User force closed the prompt with SIGINT
    at Interface.sigint (C:\Users\ondre\AppData\Roaming\npm\node_modules\firebase-tools\node_modules\@inquirer\core\dist\commonjs\lib\create-prompt.js:101:37)
    at Interface.emit (node:events:508:28)
    at [_ttyWrite] [as _ttyWrite] (node:internal/readline/interface:1327:18)
    at ReadStream.onkeypress (node:internal/readline/interface:284:20)
    at ReadStream.emit (node:events:520:35)
    at emitKeys (node:internal/readline/utils:371:14)
    at emitKeys.next (<anonymous>)
    at ReadStream.onData (node:internal/readline/emitKeypressEvents:64:36)
    at ReadStream.emit (node:events:508:28)
    at addChunk (node:internal/streams/readable:559:12)
[error] 
[error] Error: An unexpected error has occurred.
